[2025-09-02 06:47:47] local.ERROR: The D:\WebServers\OSPanel\home\etxt.loc\www\experiments\tests\1\todo-api\bootstrap\cache directory must be present and writable. {"exception":"[object] (Exception(code: 0): The D:\\WebServers\\OSPanel\\home\\etxt.loc\\www\\experiments\\tests\\1\\todo-api\\bootstrap\\cache directory must be present and writable. at D:\\WebServers\\OSPanel\\home\\etxt.loc\\www\\experiments\\tests\\1\\todo-api\\vendor\\laravel\\framework\\src\\Illuminate\\Foundation\\PackageManifest.php:179)
[stacktrace]
#0 D:\\WebServers\\OSPanel\\home\\etxt.loc\\www\\experiments\\tests\\1\\todo-api\\vendor\\laravel\\framework\\src\\Illuminate\\Foundation\\PackageManifest.php(132): Illuminate\\Foundation\\PackageManifest->write(Array)
#1 D:\\WebServers\\OSPanel\\home\\etxt.loc\\www\\experiments\\tests\\1\\todo-api\\vendor\\laravel\\framework\\src\\Illuminate\\Foundation\\PackageManifest.php(108): Illuminate\\Foundation\\PackageManifest->build()
#2 D:\\WebServers\\OSPanel\\home\\etxt.loc\\www\\experiments\\tests\\1\\todo-api\\vendor\\laravel\\framework\\src\\Illuminate\\Foundation\\PackageManifest.php(91): Illuminate\\Foundation\\PackageManifest->getManifest()
#3 D:\\WebServers\\OSPanel\\home\\etxt.loc\\www\\experiments\\tests\\1\\todo-api\\vendor\\laravel\\framework\\src\\Illuminate\\Foundation\\PackageManifest.php(80): Illuminate\\Foundation\\PackageManifest->config('aliases')
#4 D:\\WebServers\\OSPanel\\home\\etxt.loc\\www\\experiments\\tests\\1\\todo-api\\vendor\\laravel\\framework\\src\\Illuminate\\Foundation\\Bootstrap\\RegisterFacades.php(26): Illuminate\\Foundation\\PackageManifest->aliases()
#5 D:\\WebServers\\OSPanel\\home\\etxt.loc\\www\\experiments\\tests\\1\\todo-api\\vendor\\laravel\\framework\\src\\Illuminate\\Foundation\\Application.php(342): Illuminate\\Foundation\\Bootstrap\\RegisterFacades->bootstrap(Object(Illuminate\\Foundation\\Application))
#6 D:\\WebServers\\OSPanel\\home\\etxt.loc\\www\\experiments\\tests\\1\\todo-api\\vendor\\laravel\\framework\\src\\Illuminate\\Foundation\\Console\\Kernel.php(474): Illuminate\\Foundation\\Application->bootstrapWith(Array)
#7 D:\\WebServers\\OSPanel\\home\\etxt.loc\\www\\experiments\\tests\\1\\todo-api\\vendor\\laravel\\framework\\src\\Illuminate\\Foundation\\Console\\Kernel.php(196): Illuminate\\Foundation\\Console\\Kernel->bootstrap()
#8 D:\\WebServers\\OSPanel\\home\\etxt.loc\\www\\experiments\\tests\\1\\todo-api\\artisan(35): Illuminate\\Foundation\\Console\\Kernel->handle(Object(Symfony\\Component\\Console\\Input\\ArgvInput), Object(Symfony\\Component\\Console\\Output\\ConsoleOutput))
#9 {main}
"} 
[2025-09-02 06:48:04] local.ERROR: SQLSTATE[42S01]: Base table or view already exists: 1050 Table 'tasks' already exists (Connection: mysql, SQL: create table `tasks` (`id` bigint unsigned not null auto_increment primary key, `title` varchar(255) not null, `description` text null, `status` enum('pending', 'in_progress', 'completed') not null default 'pending', `created_at` timestamp null, `updated_at` timestamp null) default character set utf8mb4 collate 'utf8mb4_unicode_ci') {"exception":"[object] (Illuminate\\Database\\QueryException(code: 42S01): SQLSTATE[42S01]: Base table or view already exists: 1050 Table 'tasks' already exists (Connection: mysql, SQL: create table `tasks` (`id` bigint unsigned not null auto_increment primary key, `title` varchar(255) not null, `description` text null, `status` enum('pending', 'in_progress', 'completed') not null default 'pending', `created_at` timestamp null, `updated_at` timestamp null) default character set utf8mb4 collate 'utf8mb4_unicode_ci') at D:\\WebServers\\OSPanel\\home\\etxt.loc\\www\\experiments\\tests\\1\\todo-api\\vendor\\laravel\\framework\\src\\Illuminate\\Database\\Connection.php:825)
[stacktrace]
#0 D:\\WebServers\\OSPanel\\home\\etxt.loc\\www\\experiments\\tests\\1\\todo-api\\vendor\\laravel\\framework\\src\\Illuminate\\Database\\Connection.php(779): Illuminate\\Database\\Connection->runQueryCallback('create table `t...', Array, Object(Closure))
#1 D:\\WebServers\\OSPanel\\home\\etxt.loc\\www\\experiments\\tests\\1\\todo-api\\vendor\\laravel\\framework\\src\\Illuminate\\Database\\Connection.php(560): Illuminate\\Database\\Connection->run('create table `t...', Array, Object(Closure))
#2 D:\\WebServers\\OSPanel\\home\\etxt.loc\\www\\experiments\\tests\\1\\todo-api\\vendor\\laravel\\framework\\src\\Illuminate\\Database\\Schema\\Blueprint.php(118): Illuminate\\Database\\Connection->statement('create table `t...')
#3 D:\\WebServers\\OSPanel\\home\\etxt.loc\\www\\experiments\\tests\\1\\todo-api\\vendor\\laravel\\framework\\src\\Illuminate\\Database\\Schema\\Builder.php(564): Illuminate\\Database\\Schema\\Blueprint->build(Object(Illuminate\\Database\\MySqlConnection), Object(Illuminate\\Database\\Schema\\Grammars\\MySqlGrammar))
#4 D:\\WebServers\\OSPanel\\home\\etxt.loc\\www\\experiments\\tests\\1\\todo-api\\vendor\\laravel\\framework\\src\\Illuminate\\Database\\Schema\\Builder.php(418): Illuminate\\Database\\Schema\\Builder->build(Object(Illuminate\\Database\\Schema\\Blueprint))
#5 D:\\WebServers\\OSPanel\\home\\etxt.loc\\www\\experiments\\tests\\1\\todo-api\\vendor\\laravel\\framework\\src\\Illuminate\\Support\\Facades\\Facade.php(361): Illuminate\\Database\\Schema\\Builder->create('tasks', Object(Closure))
#6 D:\\WebServers\\OSPanel\\home\\etxt.loc\\www\\experiments\\tests\\1\\todo-api\\database\\migrations\\2024_01_01_000000_create_tasks_table.php(14): Illuminate\\Support\\Facades\\Facade::__callStatic('create', Array)
#7 D:\\WebServers\\OSPanel\\home\\etxt.loc\\www\\experiments\\tests\\1\\todo-api\\vendor\\laravel\\framework\\src\\Illuminate\\Database\\Migrations\\Migrator.php(507): Illuminate\\Database\\Migrations\\Migration@anonymous->up()
#8 D:\\WebServers\\OSPanel\\home\\etxt.loc\\www\\experiments\\tests\\1\\todo-api\\vendor\\laravel\\framework\\src\\Illuminate\\Database\\Migrations\\Migrator.php(432): Illuminate\\Database\\Migrations\\Migrator->runMethod(Object(Illuminate\\Database\\MySqlConnection), Object(Illuminate\\Database\\Migrations\\Migration@anonymous), 'up')
#9 D:\\WebServers\\OSPanel\\home\\etxt.loc\\www\\experiments\\tests\\1\\todo-api\\vendor\\laravel\\framework\\src\\Illuminate\\Database\\Migrations\\Migrator.php(441): Illuminate\\Database\\Migrations\\Migrator->Illuminate\\Database\\Migrations\\{closure}()
#10 D:\\WebServers\\OSPanel\\home\\etxt.loc\\www\\experiments\\tests\\1\\todo-api\\vendor\\laravel\\framework\\src\\Illuminate\\Database\\Migrations\\Migrator.php(244): Illuminate\\Database\\Migrations\\Migrator->runMigration(Object(Illuminate\\Database\\Migrations\\Migration@anonymous), 'up')
#11 D:\\WebServers\\OSPanel\\home\\etxt.loc\\www\\experiments\\tests\\1\\todo-api\\vendor\\laravel\\framework\\src\\Illuminate\\Console\\View\\Components\\Task.php(40): Illuminate\\Database\\Migrations\\Migrator->Illuminate\\Database\\Migrations\\{closure}()
#12 D:\\WebServers\\OSPanel\\home\\etxt.loc\\www\\experiments\\tests\\1\\todo-api\\vendor\\laravel\\framework\\src\\Illuminate\\Database\\Migrations\\Migrator.php(798): Illuminate\\Console\\View\\Components\\Task->render('2024_01_01_0000...', Object(Closure))
#13 D:\\WebServers\\OSPanel\\home\\etxt.loc\\www\\experiments\\tests\\1\\todo-api\\vendor\\laravel\\framework\\src\\Illuminate\\Database\\Migrations\\Migrator.php(244): Illuminate\\Database\\Migrations\\Migrator->write('Illuminate\\\\Cons...', '2024_01_01_0000...', Object(Closure))
#14 D:\\WebServers\\OSPanel\\home\\etxt.loc\\www\\experiments\\tests\\1\\todo-api\\vendor\\laravel\\framework\\src\\Illuminate\\Database\\Migrations\\Migrator.php(211): Illuminate\\Database\\Migrations\\Migrator->runUp('D:\\\\WebServers\\\\O...', 1, false)
#15 D:\\WebServers\\OSPanel\\home\\etxt.loc\\www\\experiments\\tests\\1\\todo-api\\vendor\\laravel\\framework\\src\\Illuminate\\Database\\Migrations\\Migrator.php(138): Illuminate\\Database\\Migrations\\Migrator->runPending(Array, Array)
#16 D:\\WebServers\\OSPanel\\home\\etxt.loc\\www\\experiments\\tests\\1\\todo-api\\vendor\\laravel\\framework\\src\\Illuminate\\Database\\Console\\Migrations\\MigrateCommand.php(117): Illuminate\\Database\\Migrations\\Migrator->run(Array, Array)
#17 D:\\WebServers\\OSPanel\\home\\etxt.loc\\www\\experiments\\tests\\1\\todo-api\\vendor\\laravel\\framework\\src\\Illuminate\\Database\\Migrations\\Migrator.php(658): Illuminate\\Database\\Console\\Migrations\\MigrateCommand->Illuminate\\Database\\Console\\Migrations\\{closure}()
#18 D:\\WebServers\\OSPanel\\home\\etxt.loc\\www\\experiments\\tests\\1\\todo-api\\vendor\\laravel\\framework\\src\\Illuminate\\Database\\Console\\Migrations\\MigrateCommand.php(110): Illuminate\\Database\\Migrations\\Migrator->usingConnection(NULL, Object(Closure))
#19 D:\\WebServers\\OSPanel\\home\\etxt.loc\\www\\experiments\\tests\\1\\todo-api\\vendor\\laravel\\framework\\src\\Illuminate\\Database\\Console\\Migrations\\MigrateCommand.php(89): Illuminate\\Database\\Console\\Migrations\\MigrateCommand->runMigrations()
#20 D:\\WebServers\\OSPanel\\home\\etxt.loc\\www\\experiments\\tests\\1\\todo-api\\vendor\\laravel\\framework\\src\\Illuminate\\Container\\BoundMethod.php(36): Illuminate\\Database\\Console\\Migrations\\MigrateCommand->handle()
#21 D:\\WebServers\\OSPanel\\home\\etxt.loc\\www\\experiments\\tests\\1\\todo-api\\vendor\\laravel\\framework\\src\\Illuminate\\Container\\Util.php(43): Illuminate\\Container\\BoundMethod::Illuminate\\Container\\{closure}()
#22 D:\\WebServers\\OSPanel\\home\\etxt.loc\\www\\experiments\\tests\\1\\todo-api\\vendor\\laravel\\framework\\src\\Illuminate\\Container\\BoundMethod.php(95): Illuminate\\Container\\Util::unwrapIfClosure(Object(Closure))
#23 D:\\WebServers\\OSPanel\\home\\etxt.loc\\www\\experiments\\tests\\1\\todo-api\\vendor\\laravel\\framework\\src\\Illuminate\\Container\\BoundMethod.php(35): Illuminate\\Container\\BoundMethod::callBoundMethod(Object(Illuminate\\Foundation\\Application), Array, Object(Closure))
#24 D:\\WebServers\\OSPanel\\home\\etxt.loc\\www\\experiments\\tests\\1\\todo-api\\vendor\\laravel\\framework\\src\\Illuminate\\Container\\Container.php(696): Illuminate\\Container\\BoundMethod::call(Object(Illuminate\\Foundation\\Application), Array, Array, NULL)
#25 D:\\WebServers\\OSPanel\\home\\etxt.loc\\www\\experiments\\tests\\1\\todo-api\\vendor\\laravel\\framework\\src\\Illuminate\\Console\\Command.php(213): Illuminate\\Container\\Container->call(Array)
#26 D:\\WebServers\\OSPanel\\home\\etxt.loc\\www\\experiments\\tests\\1\\todo-api\\vendor\\symfony\\console\\Command\\Command.php(318): Illuminate\\Console\\Command->execute(Object(Symfony\\Component\\Console\\Input\\ArgvInput), Object(Illuminate\\Console\\OutputStyle))
#27 D:\\WebServers\\OSPanel\\home\\etxt.loc\\www\\experiments\\tests\\1\\todo-api\\vendor\\laravel\\framework\\src\\Illuminate\\Console\\Command.php(182): Symfony\\Component\\Console\\Command\\Command->run(Object(Symfony\\Component\\Console\\Input\\ArgvInput), Object(Illuminate\\Console\\OutputStyle))
#28 D:\\WebServers\\OSPanel\\home\\etxt.loc\\www\\experiments\\tests\\1\\todo-api\\vendor\\symfony\\console\\Application.php(1110): Illuminate\\Console\\Command->run(Object(Symfony\\Component\\Console\\Input\\ArgvInput), Object(Symfony\\Component\\Console\\Output\\ConsoleOutput))
#29 D:\\WebServers\\OSPanel\\home\\etxt.loc\\www\\experiments\\tests\\1\\todo-api\\vendor\\symfony\\console\\Application.php(359): Symfony\\Component\\Console\\Application->doRunCommand(Object(Illuminate\\Database\\Console\\Migrations\\MigrateCommand), Object(Symfony\\Component\\Console\\Input\\ArgvInput), Object(Symfony\\Component\\Console\\Output\\ConsoleOutput))
#30 D:\\WebServers\\OSPanel\\home\\etxt.loc\\www\\experiments\\tests\\1\\todo-api\\vendor\\symfony\\console\\Application.php(194): Symfony\\Component\\Console\\Application->doRun(Object(Symfony\\Component\\Console\\Input\\ArgvInput), Object(Symfony\\Component\\Console\\Output\\ConsoleOutput))
#31 D:\\WebServers\\OSPanel\\home\\etxt.loc\\www\\experiments\\tests\\1\\todo-api\\vendor\\laravel\\framework\\src\\Illuminate\\Foundation\\Console\\Kernel.php(198): Symfony\\Component\\Console\\Application->run(Object(Symfony\\Component\\Console\\Input\\ArgvInput), Object(Symfony\\Component\\Console\\Output\\ConsoleOutput))
#32 D:\\WebServers\\OSPanel\\home\\etxt.loc\\www\\experiments\\tests\\1\\todo-api\\artisan(35): Illuminate\\Foundation\\Console\\Kernel->handle(Object(Symfony\\Component\\Console\\Input\\ArgvInput), Object(Symfony\\Component\\Console\\Output\\ConsoleOutput))
#33 {main}

[previous exception] [object] (PDOException(code: 42S01): SQLSTATE[42S01]: Base table or view already exists: 1050 Table 'tasks' already exists at D:\\WebServers\\OSPanel\\home\\etxt.loc\\www\\experiments\\tests\\1\\todo-api\\vendor\\laravel\\framework\\src\\Illuminate\\Database\\Connection.php:571)
[stacktrace]
#0 D:\\WebServers\\OSPanel\\home\\etxt.loc\\www\\experiments\\tests\\1\\todo-api\\vendor\\laravel\\framework\\src\\Illuminate\\Database\\Connection.php(571): PDOStatement->execute()
#1 D:\\WebServers\\OSPanel\\home\\etxt.loc\\www\\experiments\\tests\\1\\todo-api\\vendor\\laravel\\framework\\src\\Illuminate\\Database\\Connection.php(812): Illuminate\\Database\\Connection->Illuminate\\Database\\{closure}('create table `t...', Array)
#2 D:\\WebServers\\OSPanel\\home\\etxt.loc\\www\\experiments\\tests\\1\\todo-api\\vendor\\laravel\\framework\\src\\Illuminate\\Database\\Connection.php(779): Illuminate\\Database\\Connection->runQueryCallback('create table `t...', Array, Object(Closure))
#3 D:\\WebServers\\OSPanel\\home\\etxt.loc\\www\\experiments\\tests\\1\\todo-api\\vendor\\laravel\\framework\\src\\Illuminate\\Database\\Connection.php(560): Illuminate\\Database\\Connection->run('create table `t...', Array, Object(Closure))
#4 D:\\WebServers\\OSPanel\\home\\etxt.loc\\www\\experiments\\tests\\1\\todo-api\\vendor\\laravel\\framework\\src\\Illuminate\\Database\\Schema\\Blueprint.php(118): Illuminate\\Database\\Connection->statement('create table `t...')
#5 D:\\WebServers\\OSPanel\\home\\etxt.loc\\www\\experiments\\tests\\1\\todo-api\\vendor\\laravel\\framework\\src\\Illuminate\\Database\\Schema\\Builder.php(564): Illuminate\\Database\\Schema\\Blueprint->build(Object(Illuminate\\Database\\MySqlConnection), Object(Illuminate\\Database\\Schema\\Grammars\\MySqlGrammar))
#6 D:\\WebServers\\OSPanel\\home\\etxt.loc\\www\\experiments\\tests\\1\\todo-api\\vendor\\laravel\\framework\\src\\Illuminate\\Database\\Schema\\Builder.php(418): Illuminate\\Database\\Schema\\Builder->build(Object(Illuminate\\Database\\Schema\\Blueprint))
#7 D:\\WebServers\\OSPanel\\home\\etxt.loc\\www\\experiments\\tests\\1\\todo-api\\vendor\\laravel\\framework\\src\\Illuminate\\Support\\Facades\\Facade.php(361): Illuminate\\Database\\Schema\\Builder->create('tasks', Object(Closure))
#8 D:\\WebServers\\OSPanel\\home\\etxt.loc\\www\\experiments\\tests\\1\\todo-api\\database\\migrations\\2024_01_01_000000_create_tasks_table.php(14): Illuminate\\Support\\Facades\\Facade::__callStatic('create', Array)
#9 D:\\WebServers\\OSPanel\\home\\etxt.loc\\www\\experiments\\tests\\1\\todo-api\\vendor\\laravel\\framework\\src\\Illuminate\\Database\\Migrations\\Migrator.php(507): Illuminate\\Database\\Migrations\\Migration@anonymous->up()
#10 D:\\WebServers\\OSPanel\\home\\etxt.loc\\www\\experiments\\tests\\1\\todo-api\\vendor\\laravel\\framework\\src\\Illuminate\\Database\\Migrations\\Migrator.php(432): Illuminate\\Database\\Migrations\\Migrator->runMethod(Object(Illuminate\\Database\\MySqlConnection), Object(Illuminate\\Database\\Migrations\\Migration@anonymous), 'up')
#11 D:\\WebServers\\OSPanel\\home\\etxt.loc\\www\\experiments\\tests\\1\\todo-api\\vendor\\laravel\\framework\\src\\Illuminate\\Database\\Migrations\\Migrator.php(441): Illuminate\\Database\\Migrations\\Migrator->Illuminate\\Database\\Migrations\\{closure}()
#12 D:\\WebServers\\OSPanel\\home\\etxt.loc\\www\\experiments\\tests\\1\\todo-api\\vendor\\laravel\\framework\\src\\Illuminate\\Database\\Migrations\\Migrator.php(244): Illuminate\\Database\\Migrations\\Migrator->runMigration(Object(Illuminate\\Database\\Migrations\\Migration@anonymous), 'up')
#13 D:\\WebServers\\OSPanel\\home\\etxt.loc\\www\\experiments\\tests\\1\\todo-api\\vendor\\laravel\\framework\\src\\Illuminate\\Console\\View\\Components\\Task.php(40): Illuminate\\Database\\Migrations\\Migrator->Illuminate\\Database\\Migrations\\{closure}()
#14 D:\\WebServers\\OSPanel\\home\\etxt.loc\\www\\experiments\\tests\\1\\todo-api\\vendor\\laravel\\framework\\src\\Illuminate\\Database\\Migrations\\Migrator.php(798): Illuminate\\Console\\View\\Components\\Task->render('2024_01_01_0000...', Object(Closure))
#15 D:\\WebServers\\OSPanel\\home\\etxt.loc\\www\\experiments\\tests\\1\\todo-api\\vendor\\laravel\\framework\\src\\Illuminate\\Database\\Migrations\\Migrator.php(244): Illuminate\\Database\\Migrations\\Migrator->write('Illuminate\\\\Cons...', '2024_01_01_0000...', Object(Closure))
#16 D:\\WebServers\\OSPanel\\home\\etxt.loc\\www\\experiments\\tests\\1\\todo-api\\vendor\\laravel\\framework\\src\\Illuminate\\Database\\Migrations\\Migrator.php(211): Illuminate\\Database\\Migrations\\Migrator->runUp('D:\\\\WebServers\\\\O...', 1, false)
#17 D:\\WebServers\\OSPanel\\home\\etxt.loc\\www\\experiments\\tests\\1\\todo-api\\vendor\\laravel\\framework\\src\\Illuminate\\Database\\Migrations\\Migrator.php(138): Illuminate\\Database\\Migrations\\Migrator->runPending(Array, Array)
#18 D:\\WebServers\\OSPanel\\home\\etxt.loc\\www\\experiments\\tests\\1\\todo-api\\vendor\\laravel\\framework\\src\\Illuminate\\Database\\Console\\Migrations\\MigrateCommand.php(117): Illuminate\\Database\\Migrations\\Migrator->run(Array, Array)
#19 D:\\WebServers\\OSPanel\\home\\etxt.loc\\www\\experiments\\tests\\1\\todo-api\\vendor\\laravel\\framework\\src\\Illuminate\\Database\\Migrations\\Migrator.php(658): Illuminate\\Database\\Console\\Migrations\\MigrateCommand->Illuminate\\Database\\Console\\Migrations\\{closure}()
#20 D:\\WebServers\\OSPanel\\home\\etxt.loc\\www\\experiments\\tests\\1\\todo-api\\vendor\\laravel\\framework\\src\\Illuminate\\Database\\Console\\Migrations\\MigrateCommand.php(110): Illuminate\\Database\\Migrations\\Migrator->usingConnection(NULL, Object(Closure))
#21 D:\\WebServers\\OSPanel\\home\\etxt.loc\\www\\experiments\\tests\\1\\todo-api\\vendor\\laravel\\framework\\src\\Illuminate\\Database\\Console\\Migrations\\MigrateCommand.php(89): Illuminate\\Database\\Console\\Migrations\\MigrateCommand->runMigrations()
#22 D:\\WebServers\\OSPanel\\home\\etxt.loc\\www\\experiments\\tests\\1\\todo-api\\vendor\\laravel\\framework\\src\\Illuminate\\Container\\BoundMethod.php(36): Illuminate\\Database\\Console\\Migrations\\MigrateCommand->handle()
#23 D:\\WebServers\\OSPanel\\home\\etxt.loc\\www\\experiments\\tests\\1\\todo-api\\vendor\\laravel\\framework\\src\\Illuminate\\Container\\Util.php(43): Illuminate\\Container\\BoundMethod::Illuminate\\Container\\{closure}()
#24 D:\\WebServers\\OSPanel\\home\\etxt.loc\\www\\experiments\\tests\\1\\todo-api\\vendor\\laravel\\framework\\src\\Illuminate\\Container\\BoundMethod.php(95): Illuminate\\Container\\Util::unwrapIfClosure(Object(Closure))
#25 D:\\WebServers\\OSPanel\\home\\etxt.loc\\www\\experiments\\tests\\1\\todo-api\\vendor\\laravel\\framework\\src\\Illuminate\\Container\\BoundMethod.php(35): Illuminate\\Container\\BoundMethod::callBoundMethod(Object(Illuminate\\Foundation\\Application), Array, Object(Closure))
#26 D:\\WebServers\\OSPanel\\home\\etxt.loc\\www\\experiments\\tests\\1\\todo-api\\vendor\\laravel\\framework\\src\\Illuminate\\Container\\Container.php(696): Illuminate\\Container\\BoundMethod::call(Object(Illuminate\\Foundation\\Application), Array, Array, NULL)
#27 D:\\WebServers\\OSPanel\\home\\etxt.loc\\www\\experiments\\tests\\1\\todo-api\\vendor\\laravel\\framework\\src\\Illuminate\\Console\\Command.php(213): Illuminate\\Container\\Container->call(Array)
#28 D:\\WebServers\\OSPanel\\home\\etxt.loc\\www\\experiments\\tests\\1\\todo-api\\vendor\\symfony\\console\\Command\\Command.php(318): Illuminate\\Console\\Command->execute(Object(Symfony\\Component\\Console\\Input\\ArgvInput), Object(Illuminate\\Console\\OutputStyle))
#29 D:\\WebServers\\OSPanel\\home\\etxt.loc\\www\\experiments\\tests\\1\\todo-api\\vendor\\laravel\\framework\\src\\Illuminate\\Console\\Command.php(182): Symfony\\Component\\Console\\Command\\Command->run(Object(Symfony\\Component\\Console\\Input\\ArgvInput), Object(Illuminate\\Console\\OutputStyle))
#30 D:\\WebServers\\OSPanel\\home\\etxt.loc\\www\\experiments\\tests\\1\\todo-api\\vendor\\symfony\\console\\Application.php(1110): Illuminate\\Console\\Command->run(Object(Symfony\\Component\\Console\\Input\\ArgvInput), Object(Symfony\\Component\\Console\\Output\\ConsoleOutput))
#31 D:\\WebServers\\OSPanel\\home\\etxt.loc\\www\\experiments\\tests\\1\\todo-api\\vendor\\symfony\\console\\Application.php(359): Symfony\\Component\\Console\\Application->doRunCommand(Object(Illuminate\\Database\\Console\\Migrations\\MigrateCommand), Object(Symfony\\Component\\Console\\Input\\ArgvInput), Object(Symfony\\Component\\Console\\Output\\ConsoleOutput))
#32 D:\\WebServers\\OSPanel\\home\\etxt.loc\\www\\experiments\\tests\\1\\todo-api\\vendor\\symfony\\console\\Application.php(194): Symfony\\Component\\Console\\Application->doRun(Object(Symfony\\Component\\Console\\Input\\ArgvInput), Object(Symfony\\Component\\Console\\Output\\ConsoleOutput))
#33 D:\\WebServers\\OSPanel\\home\\etxt.loc\\www\\experiments\\tests\\1\\todo-api\\vendor\\laravel\\framework\\src\\Illuminate\\Foundation\\Console\\Kernel.php(198): Symfony\\Component\\Console\\Application->run(Object(Symfony\\Component\\Console\\Input\\ArgvInput), Object(Symfony\\Component\\Console\\Output\\ConsoleOutput))
#34 D:\\WebServers\\OSPanel\\home\\etxt.loc\\www\\experiments\\tests\\1\\todo-api\\artisan(35): Illuminate\\Foundation\\Console\\Kernel->handle(Object(Symfony\\Component\\Console\\Input\\ArgvInput), Object(Symfony\\Component\\Console\\Output\\ConsoleOutput))
#35 {main}
"} 
[2025-09-02 07:03:30] local.ERROR: include(D:\WebServers\OSPanel\home\etxt.loc\www\experiments\tests\1\todo-api\vendor\composer/../../app/Providers/AuthServiceProvider.php): Failed to open stream: No such file or directory {"exception":"[object] (ErrorException(code: 0): include(D:\\WebServers\\OSPanel\\home\\etxt.loc\\www\\experiments\\tests\\1\\todo-api\\vendor\\composer/../../app/Providers/AuthServiceProvider.php): Failed to open stream: No such file or directory at D:\\WebServers\\OSPanel\\home\\etxt.loc\\www\\experiments\\tests\\1\\todo-api\\vendor\\composer\\ClassLoader.php:576)
[stacktrace]
#0 D:\\WebServers\\OSPanel\\home\\etxt.loc\\www\\experiments\\tests\\1\\todo-api\\vendor\\laravel\\framework\\src\\Illuminate\\Foundation\\Bootstrap\\HandleExceptions.php(258): Illuminate\\Foundation\\Bootstrap\\HandleExceptions->handleError(2, 'include(D:\\\\WebS...', 'D:\\\\WebServers\\\\O...', 576)
#1 D:\\WebServers\\OSPanel\\home\\etxt.loc\\www\\experiments\\tests\\1\\todo-api\\vendor\\composer\\ClassLoader.php(576): Illuminate\\Foundation\\Bootstrap\\HandleExceptions->Illuminate\\Foundation\\Bootstrap\\{closure}(2, 'include(D:\\\\WebS...', 'D:\\\\WebServers\\\\O...', 576)
#2 D:\\WebServers\\OSPanel\\home\\etxt.loc\\www\\experiments\\tests\\1\\todo-api\\vendor\\composer\\ClassLoader.php(576): include('D:\\\\WebServers\\\\O...')
#3 D:\\WebServers\\OSPanel\\home\\etxt.loc\\www\\experiments\\tests\\1\\todo-api\\vendor\\composer\\ClassLoader.php(427): Composer\\Autoload\\{closure}('D:\\\\WebServers\\\\O...')
#4 D:\\WebServers\\OSPanel\\home\\etxt.loc\\www\\experiments\\tests\\1\\todo-api\\vendor\\laravel\\framework\\src\\Illuminate\\Foundation\\Application.php(961): Composer\\Autoload\\ClassLoader->loadClass('App\\\\Providers\\\\A...')
#5 D:\\WebServers\\OSPanel\\home\\etxt.loc\\www\\experiments\\tests\\1\\todo-api\\vendor\\laravel\\framework\\src\\Illuminate\\Foundation\\Application.php(893): Illuminate\\Foundation\\Application->resolveProvider('App\\\\Providers\\\\A...')
#6 D:\\WebServers\\OSPanel\\home\\etxt.loc\\www\\experiments\\tests\\1\\todo-api\\vendor\\laravel\\framework\\src\\Illuminate\\Foundation\\ProviderRepository.php(75): Illuminate\\Foundation\\Application->register('App\\\\Providers\\\\A...')
#7 D:\\WebServers\\OSPanel\\home\\etxt.loc\\www\\experiments\\tests\\1\\todo-api\\vendor\\laravel\\framework\\src\\Illuminate\\Foundation\\Application.php(871): Illuminate\\Foundation\\ProviderRepository->load(Array)
#8 D:\\WebServers\\OSPanel\\home\\etxt.loc\\www\\experiments\\tests\\1\\todo-api\\vendor\\laravel\\framework\\src\\Illuminate\\Foundation\\Bootstrap\\RegisterProviders.php(37): Illuminate\\Foundation\\Application->registerConfiguredProviders()
#9 D:\\WebServers\\OSPanel\\home\\etxt.loc\\www\\experiments\\tests\\1\\todo-api\\vendor\\laravel\\framework\\src\\Illuminate\\Foundation\\Application.php(342): Illuminate\\Foundation\\Bootstrap\\RegisterProviders->bootstrap(Object(Illuminate\\Foundation\\Application))
#10 D:\\WebServers\\OSPanel\\home\\etxt.loc\\www\\experiments\\tests\\1\\todo-api\\vendor\\laravel\\framework\\src\\Illuminate\\Foundation\\Http\\Kernel.php(187): Illuminate\\Foundation\\Application->bootstrapWith(Array)
#11 D:\\WebServers\\OSPanel\\home\\etxt.loc\\www\\experiments\\tests\\1\\todo-api\\vendor\\laravel\\framework\\src\\Illuminate\\Foundation\\Http\\Kernel.php(171): Illuminate\\Foundation\\Http\\Kernel->bootstrap()
#12 D:\\WebServers\\OSPanel\\home\\etxt.loc\\www\\experiments\\tests\\1\\todo-api\\vendor\\laravel\\framework\\src\\Illuminate\\Foundation\\Http\\Kernel.php(145): Illuminate\\Foundation\\Http\\Kernel->sendRequestThroughRouter(Object(Illuminate\\Http\\Request))
#13 D:\\WebServers\\OSPanel\\home\\etxt.loc\\www\\experiments\\tests\\1\\todo-api\\vendor\\laravel\\framework\\src\\Illuminate\\Foundation\\Application.php(1207): Illuminate\\Foundation\\Http\\Kernel->handle(Object(Illuminate\\Http\\Request))
#14 D:\\WebServers\\OSPanel\\home\\etxt.loc\\www\\experiments\\tests\\1\\todo-api\\public\\index.php(51): Illuminate\\Foundation\\Application->handle(Object(Illuminate\\Http\\Request))
#15 {main}
"} 
[2025-09-02 07:03:31] local.ERROR: include(D:\WebServers\OSPanel\home\etxt.loc\www\experiments\tests\1\todo-api\vendor\composer/../../app/Providers/AuthServiceProvider.php): Failed to open stream: No such file or directory {"exception":"[object] (ErrorException(code: 0): include(D:\\WebServers\\OSPanel\\home\\etxt.loc\\www\\experiments\\tests\\1\\todo-api\\vendor\\composer/../../app/Providers/AuthServiceProvider.php): Failed to open stream: No such file or directory at D:\\WebServers\\OSPanel\\home\\etxt.loc\\www\\experiments\\tests\\1\\todo-api\\vendor\\composer\\ClassLoader.php:576)
[stacktrace]
#0 D:\\WebServers\\OSPanel\\home\\etxt.loc\\www\\experiments\\tests\\1\\todo-api\\vendor\\laravel\\framework\\src\\Illuminate\\Foundation\\Bootstrap\\HandleExceptions.php(258): Illuminate\\Foundation\\Bootstrap\\HandleExceptions->handleError(2, 'include(D:\\\\WebS...', 'D:\\\\WebServers\\\\O...', 576)
#1 D:\\WebServers\\OSPanel\\home\\etxt.loc\\www\\experiments\\tests\\1\\todo-api\\vendor\\composer\\ClassLoader.php(576): Illuminate\\Foundation\\Bootstrap\\HandleExceptions->Illuminate\\Foundation\\Bootstrap\\{closure}(2, 'include(D:\\\\WebS...', 'D:\\\\WebServers\\\\O...', 576)
#2 D:\\WebServers\\OSPanel\\home\\etxt.loc\\www\\experiments\\tests\\1\\todo-api\\vendor\\composer\\ClassLoader.php(576): include('D:\\\\WebServers\\\\O...')
#3 D:\\WebServers\\OSPanel\\home\\etxt.loc\\www\\experiments\\tests\\1\\todo-api\\vendor\\composer\\ClassLoader.php(427): Composer\\Autoload\\{closure}('D:\\\\WebServers\\\\O...')
#4 D:\\WebServers\\OSPanel\\home\\etxt.loc\\www\\experiments\\tests\\1\\todo-api\\vendor\\laravel\\framework\\src\\Illuminate\\Foundation\\Application.php(961): Composer\\Autoload\\ClassLoader->loadClass('App\\\\Providers\\\\A...')
#5 D:\\WebServers\\OSPanel\\home\\etxt.loc\\www\\experiments\\tests\\1\\todo-api\\vendor\\laravel\\framework\\src\\Illuminate\\Foundation\\Application.php(893): Illuminate\\Foundation\\Application->resolveProvider('App\\\\Providers\\\\A...')
#6 D:\\WebServers\\OSPanel\\home\\etxt.loc\\www\\experiments\\tests\\1\\todo-api\\vendor\\laravel\\framework\\src\\Illuminate\\Foundation\\ProviderRepository.php(75): Illuminate\\Foundation\\Application->register('App\\\\Providers\\\\A...')
#7 D:\\WebServers\\OSPanel\\home\\etxt.loc\\www\\experiments\\tests\\1\\todo-api\\vendor\\laravel\\framework\\src\\Illuminate\\Foundation\\Application.php(871): Illuminate\\Foundation\\ProviderRepository->load(Array)
#8 D:\\WebServers\\OSPanel\\home\\etxt.loc\\www\\experiments\\tests\\1\\todo-api\\vendor\\laravel\\framework\\src\\Illuminate\\Foundation\\Bootstrap\\RegisterProviders.php(37): Illuminate\\Foundation\\Application->registerConfiguredProviders()
#9 D:\\WebServers\\OSPanel\\home\\etxt.loc\\www\\experiments\\tests\\1\\todo-api\\vendor\\laravel\\framework\\src\\Illuminate\\Foundation\\Application.php(342): Illuminate\\Foundation\\Bootstrap\\RegisterProviders->bootstrap(Object(Illuminate\\Foundation\\Application))
#10 D:\\WebServers\\OSPanel\\home\\etxt.loc\\www\\experiments\\tests\\1\\todo-api\\vendor\\laravel\\framework\\src\\Illuminate\\Foundation\\Http\\Kernel.php(187): Illuminate\\Foundation\\Application->bootstrapWith(Array)
#11 D:\\WebServers\\OSPanel\\home\\etxt.loc\\www\\experiments\\tests\\1\\todo-api\\vendor\\laravel\\framework\\src\\Illuminate\\Foundation\\Http\\Kernel.php(171): Illuminate\\Foundation\\Http\\Kernel->bootstrap()
#12 D:\\WebServers\\OSPanel\\home\\etxt.loc\\www\\experiments\\tests\\1\\todo-api\\vendor\\laravel\\framework\\src\\Illuminate\\Foundation\\Http\\Kernel.php(145): Illuminate\\Foundation\\Http\\Kernel->sendRequestThroughRouter(Object(Illuminate\\Http\\Request))
#13 D:\\WebServers\\OSPanel\\home\\etxt.loc\\www\\experiments\\tests\\1\\todo-api\\vendor\\laravel\\framework\\src\\Illuminate\\Foundation\\Application.php(1207): Illuminate\\Foundation\\Http\\Kernel->handle(Object(Illuminate\\Http\\Request))
#14 D:\\WebServers\\OSPanel\\home\\etxt.loc\\www\\experiments\\tests\\1\\todo-api\\public\\index.php(51): Illuminate\\Foundation\\Application->handle(Object(Illuminate\\Http\\Request))
#15 {main}
"} 
[2025-09-02 07:03:31] local.ERROR: include(D:\WebServers\OSPanel\home\etxt.loc\www\experiments\tests\1\todo-api\vendor\composer/../../app/Providers/AuthServiceProvider.php): Failed to open stream: No such file or directory {"exception":"[object] (ErrorException(code: 0): include(D:\\WebServers\\OSPanel\\home\\etxt.loc\\www\\experiments\\tests\\1\\todo-api\\vendor\\composer/../../app/Providers/AuthServiceProvider.php): Failed to open stream: No such file or directory at D:\\WebServers\\OSPanel\\home\\etxt.loc\\www\\experiments\\tests\\1\\todo-api\\vendor\\composer\\ClassLoader.php:576)
[stacktrace]
#0 D:\\WebServers\\OSPanel\\home\\etxt.loc\\www\\experiments\\tests\\1\\todo-api\\vendor\\laravel\\framework\\src\\Illuminate\\Foundation\\Bootstrap\\HandleExceptions.php(258): Illuminate\\Foundation\\Bootstrap\\HandleExceptions->handleError(2, 'include(D:\\\\WebS...', 'D:\\\\WebServers\\\\O...', 576)
#1 D:\\WebServers\\OSPanel\\home\\etxt.loc\\www\\experiments\\tests\\1\\todo-api\\vendor\\composer\\ClassLoader.php(576): Illuminate\\Foundation\\Bootstrap\\HandleExceptions->Illuminate\\Foundation\\Bootstrap\\{closure}(2, 'include(D:\\\\WebS...', 'D:\\\\WebServers\\\\O...', 576)
#2 D:\\WebServers\\OSPanel\\home\\etxt.loc\\www\\experiments\\tests\\1\\todo-api\\vendor\\composer\\ClassLoader.php(576): include('D:\\\\WebServers\\\\O...')
#3 D:\\WebServers\\OSPanel\\home\\etxt.loc\\www\\experiments\\tests\\1\\todo-api\\vendor\\composer\\ClassLoader.php(427): Composer\\Autoload\\{closure}('D:\\\\WebServers\\\\O...')
#4 D:\\WebServers\\OSPanel\\home\\etxt.loc\\www\\experiments\\tests\\1\\todo-api\\vendor\\laravel\\framework\\src\\Illuminate\\Foundation\\Application.php(961): Composer\\Autoload\\ClassLoader->loadClass('App\\\\Providers\\\\A...')
#5 D:\\WebServers\\OSPanel\\home\\etxt.loc\\www\\experiments\\tests\\1\\todo-api\\vendor\\laravel\\framework\\src\\Illuminate\\Foundation\\Application.php(893): Illuminate\\Foundation\\Application->resolveProvider('App\\\\Providers\\\\A...')
#6 D:\\WebServers\\OSPanel\\home\\etxt.loc\\www\\experiments\\tests\\1\\todo-api\\vendor\\laravel\\framework\\src\\Illuminate\\Foundation\\ProviderRepository.php(75): Illuminate\\Foundation\\Application->register('App\\\\Providers\\\\A...')
#7 D:\\WebServers\\OSPanel\\home\\etxt.loc\\www\\experiments\\tests\\1\\todo-api\\vendor\\laravel\\framework\\src\\Illuminate\\Foundation\\Application.php(871): Illuminate\\Foundation\\ProviderRepository->load(Array)
#8 D:\\WebServers\\OSPanel\\home\\etxt.loc\\www\\experiments\\tests\\1\\todo-api\\vendor\\laravel\\framework\\src\\Illuminate\\Foundation\\Bootstrap\\RegisterProviders.php(37): Illuminate\\Foundation\\Application->registerConfiguredProviders()
#9 D:\\WebServers\\OSPanel\\home\\etxt.loc\\www\\experiments\\tests\\1\\todo-api\\vendor\\laravel\\framework\\src\\Illuminate\\Foundation\\Application.php(342): Illuminate\\Foundation\\Bootstrap\\RegisterProviders->bootstrap(Object(Illuminate\\Foundation\\Application))
#10 D:\\WebServers\\OSPanel\\home\\etxt.loc\\www\\experiments\\tests\\1\\todo-api\\vendor\\laravel\\framework\\src\\Illuminate\\Foundation\\Http\\Kernel.php(187): Illuminate\\Foundation\\Application->bootstrapWith(Array)
#11 D:\\WebServers\\OSPanel\\home\\etxt.loc\\www\\experiments\\tests\\1\\todo-api\\vendor\\laravel\\framework\\src\\Illuminate\\Foundation\\Http\\Kernel.php(171): Illuminate\\Foundation\\Http\\Kernel->bootstrap()
#12 D:\\WebServers\\OSPanel\\home\\etxt.loc\\www\\experiments\\tests\\1\\todo-api\\vendor\\laravel\\framework\\src\\Illuminate\\Foundation\\Http\\Kernel.php(145): Illuminate\\Foundation\\Http\\Kernel->sendRequestThroughRouter(Object(Illuminate\\Http\\Request))
#13 D:\\WebServers\\OSPanel\\home\\etxt.loc\\www\\experiments\\tests\\1\\todo-api\\vendor\\laravel\\framework\\src\\Illuminate\\Foundation\\Application.php(1207): Illuminate\\Foundation\\Http\\Kernel->handle(Object(Illuminate\\Http\\Request))
#14 D:\\WebServers\\OSPanel\\home\\etxt.loc\\www\\experiments\\tests\\1\\todo-api\\public\\index.php(51): Illuminate\\Foundation\\Application->handle(Object(Illuminate\\Http\\Request))
#15 {main}
"} 
[2025-09-02 07:19:31] production.ERROR: The D:\WebServers\OSPanel\home\etxt.loc\www\experiments\tests\1\todo-api\bootstrap\cache directory must be present and writable. {"exception":"[object] (Exception(code: 0): The D:\\WebServers\\OSPanel\\home\\etxt.loc\\www\\experiments\\tests\\1\\todo-api\\bootstrap\\cache directory must be present and writable. at D:\\WebServers\\OSPanel\\home\\etxt.loc\\www\\experiments\\tests\\1\\todo-api\\vendor\\laravel\\framework\\src\\Illuminate\\Foundation\\PackageManifest.php:179)
[stacktrace]
#0 D:\\WebServers\\OSPanel\\home\\etxt.loc\\www\\experiments\\tests\\1\\todo-api\\vendor\\laravel\\framework\\src\\Illuminate\\Foundation\\PackageManifest.php(132): Illuminate\\Foundation\\PackageManifest->write(Array)
#1 D:\\WebServers\\OSPanel\\home\\etxt.loc\\www\\experiments\\tests\\1\\todo-api\\vendor\\laravel\\framework\\src\\Illuminate\\Foundation\\PackageManifest.php(108): Illuminate\\Foundation\\PackageManifest->build()
#2 D:\\WebServers\\OSPanel\\home\\etxt.loc\\www\\experiments\\tests\\1\\todo-api\\vendor\\laravel\\framework\\src\\Illuminate\\Foundation\\PackageManifest.php(91): Illuminate\\Foundation\\PackageManifest->getManifest()
#3 D:\\WebServers\\OSPanel\\home\\etxt.loc\\www\\experiments\\tests\\1\\todo-api\\vendor\\laravel\\framework\\src\\Illuminate\\Foundation\\PackageManifest.php(80): Illuminate\\Foundation\\PackageManifest->config('aliases')
#4 D:\\WebServers\\OSPanel\\home\\etxt.loc\\www\\experiments\\tests\\1\\todo-api\\vendor\\laravel\\framework\\src\\Illuminate\\Foundation\\Bootstrap\\RegisterFacades.php(26): Illuminate\\Foundation\\PackageManifest->aliases()
#5 D:\\WebServers\\OSPanel\\home\\etxt.loc\\www\\experiments\\tests\\1\\todo-api\\vendor\\laravel\\framework\\src\\Illuminate\\Foundation\\Application.php(342): Illuminate\\Foundation\\Bootstrap\\RegisterFacades->bootstrap(Object(Illuminate\\Foundation\\Application))
#6 D:\\WebServers\\OSPanel\\home\\etxt.loc\\www\\experiments\\tests\\1\\todo-api\\vendor\\laravel\\framework\\src\\Illuminate\\Foundation\\Http\\Kernel.php(187): Illuminate\\Foundation\\Application->bootstrapWith(Array)
#7 D:\\WebServers\\OSPanel\\home\\etxt.loc\\www\\experiments\\tests\\1\\todo-api\\vendor\\laravel\\framework\\src\\Illuminate\\Foundation\\Http\\Kernel.php(171): Illuminate\\Foundation\\Http\\Kernel->bootstrap()
#8 D:\\WebServers\\OSPanel\\home\\etxt.loc\\www\\experiments\\tests\\1\\todo-api\\vendor\\laravel\\framework\\src\\Illuminate\\Foundation\\Http\\Kernel.php(145): Illuminate\\Foundation\\Http\\Kernel->sendRequestThroughRouter(Object(Illuminate\\Http\\Request))
#9 D:\\WebServers\\OSPanel\\home\\etxt.loc\\www\\experiments\\tests\\1\\todo-api\\vendor\\laravel\\framework\\src\\Illuminate\\Foundation\\Application.php(1207): Illuminate\\Foundation\\Http\\Kernel->handle(Object(Illuminate\\Http\\Request))
#10 D:\\WebServers\\OSPanel\\home\\etxt.loc\\www\\experiments\\tests\\1\\todo-api\\public\\index.php(17): Illuminate\\Foundation\\Application->handle(Object(Illuminate\\Http\\Request))
#11 {main}
"} 
[2025-09-02 07:19:31] production.ERROR: The D:\WebServers\OSPanel\home\etxt.loc\www\experiments\tests\1\todo-api\bootstrap\cache directory must be present and writable. {"exception":"[object] (Exception(code: 0): The D:\\WebServers\\OSPanel\\home\\etxt.loc\\www\\experiments\\tests\\1\\todo-api\\bootstrap\\cache directory must be present and writable. at D:\\WebServers\\OSPanel\\home\\etxt.loc\\www\\experiments\\tests\\1\\todo-api\\vendor\\laravel\\framework\\src\\Illuminate\\Foundation\\PackageManifest.php:179)
[stacktrace]
#0 D:\\WebServers\\OSPanel\\home\\etxt.loc\\www\\experiments\\tests\\1\\todo-api\\vendor\\laravel\\framework\\src\\Illuminate\\Foundation\\PackageManifest.php(132): Illuminate\\Foundation\\PackageManifest->write(Array)
#1 D:\\WebServers\\OSPanel\\home\\etxt.loc\\www\\experiments\\tests\\1\\todo-api\\vendor\\laravel\\framework\\src\\Illuminate\\Foundation\\PackageManifest.php(108): Illuminate\\Foundation\\PackageManifest->build()
#2 D:\\WebServers\\OSPanel\\home\\etxt.loc\\www\\experiments\\tests\\1\\todo-api\\vendor\\laravel\\framework\\src\\Illuminate\\Foundation\\PackageManifest.php(91): Illuminate\\Foundation\\PackageManifest->getManifest()
#3 D:\\WebServers\\OSPanel\\home\\etxt.loc\\www\\experiments\\tests\\1\\todo-api\\vendor\\laravel\\framework\\src\\Illuminate\\Foundation\\PackageManifest.php(80): Illuminate\\Foundation\\PackageManifest->config('aliases')
#4 D:\\WebServers\\OSPanel\\home\\etxt.loc\\www\\experiments\\tests\\1\\todo-api\\vendor\\laravel\\framework\\src\\Illuminate\\Foundation\\Bootstrap\\RegisterFacades.php(26): Illuminate\\Foundation\\PackageManifest->aliases()
#5 D:\\WebServers\\OSPanel\\home\\etxt.loc\\www\\experiments\\tests\\1\\todo-api\\vendor\\laravel\\framework\\src\\Illuminate\\Foundation\\Application.php(342): Illuminate\\Foundation\\Bootstrap\\RegisterFacades->bootstrap(Object(Illuminate\\Foundation\\Application))
#6 D:\\WebServers\\OSPanel\\home\\etxt.loc\\www\\experiments\\tests\\1\\todo-api\\vendor\\laravel\\framework\\src\\Illuminate\\Foundation\\Http\\Kernel.php(187): Illuminate\\Foundation\\Application->bootstrapWith(Array)
#7 D:\\WebServers\\OSPanel\\home\\etxt.loc\\www\\experiments\\tests\\1\\todo-api\\vendor\\laravel\\framework\\src\\Illuminate\\Foundation\\Http\\Kernel.php(171): Illuminate\\Foundation\\Http\\Kernel->bootstrap()
#8 D:\\WebServers\\OSPanel\\home\\etxt.loc\\www\\experiments\\tests\\1\\todo-api\\vendor\\laravel\\framework\\src\\Illuminate\\Foundation\\Http\\Kernel.php(145): Illuminate\\Foundation\\Http\\Kernel->sendRequestThroughRouter(Object(Illuminate\\Http\\Request))
#9 D:\\WebServers\\OSPanel\\home\\etxt.loc\\www\\experiments\\tests\\1\\todo-api\\vendor\\laravel\\framework\\src\\Illuminate\\Foundation\\Application.php(1207): Illuminate\\Foundation\\Http\\Kernel->handle(Object(Illuminate\\Http\\Request))
#10 D:\\WebServers\\OSPanel\\home\\etxt.loc\\www\\experiments\\tests\\1\\todo-api\\public\\index.php(17): Illuminate\\Foundation\\Application->handle(Object(Illuminate\\Http\\Request))
#11 {main}
"} 
[2025-09-02 07:19:31] production.ERROR: The D:\WebServers\OSPanel\home\etxt.loc\www\experiments\tests\1\todo-api\bootstrap\cache directory must be present and writable. {"exception":"[object] (Exception(code: 0): The D:\\WebServers\\OSPanel\\home\\etxt.loc\\www\\experiments\\tests\\1\\todo-api\\bootstrap\\cache directory must be present and writable. at D:\\WebServers\\OSPanel\\home\\etxt.loc\\www\\experiments\\tests\\1\\todo-api\\vendor\\laravel\\framework\\src\\Illuminate\\Foundation\\PackageManifest.php:179)
[stacktrace]
#0 D:\\WebServers\\OSPanel\\home\\etxt.loc\\www\\experiments\\tests\\1\\todo-api\\vendor\\laravel\\framework\\src\\Illuminate\\Foundation\\PackageManifest.php(132): Illuminate\\Foundation\\PackageManifest->write(Array)
#1 D:\\WebServers\\OSPanel\\home\\etxt.loc\\www\\experiments\\tests\\1\\todo-api\\vendor\\laravel\\framework\\src\\Illuminate\\Foundation\\PackageManifest.php(108): Illuminate\\Foundation\\PackageManifest->build()
#2 D:\\WebServers\\OSPanel\\home\\etxt.loc\\www\\experiments\\tests\\1\\todo-api\\vendor\\laravel\\framework\\src\\Illuminate\\Foundation\\PackageManifest.php(91): Illuminate\\Foundation\\PackageManifest->getManifest()
#3 D:\\WebServers\\OSPanel\\home\\etxt.loc\\www\\experiments\\tests\\1\\todo-api\\vendor\\laravel\\framework\\src\\Illuminate\\Foundation\\PackageManifest.php(80): Illuminate\\Foundation\\PackageManifest->config('aliases')
#4 D:\\WebServers\\OSPanel\\home\\etxt.loc\\www\\experiments\\tests\\1\\todo-api\\vendor\\laravel\\framework\\src\\Illuminate\\Foundation\\Bootstrap\\RegisterFacades.php(26): Illuminate\\Foundation\\PackageManifest->aliases()
#5 D:\\WebServers\\OSPanel\\home\\etxt.loc\\www\\experiments\\tests\\1\\todo-api\\vendor\\laravel\\framework\\src\\Illuminate\\Foundation\\Application.php(342): Illuminate\\Foundation\\Bootstrap\\RegisterFacades->bootstrap(Object(Illuminate\\Foundation\\Application))
#6 D:\\WebServers\\OSPanel\\home\\etxt.loc\\www\\experiments\\tests\\1\\todo-api\\vendor\\laravel\\framework\\src\\Illuminate\\Foundation\\Http\\Kernel.php(187): Illuminate\\Foundation\\Application->bootstrapWith(Array)
#7 D:\\WebServers\\OSPanel\\home\\etxt.loc\\www\\experiments\\tests\\1\\todo-api\\vendor\\laravel\\framework\\src\\Illuminate\\Foundation\\Http\\Kernel.php(171): Illuminate\\Foundation\\Http\\Kernel->bootstrap()
#8 D:\\WebServers\\OSPanel\\home\\etxt.loc\\www\\experiments\\tests\\1\\todo-api\\vendor\\laravel\\framework\\src\\Illuminate\\Foundation\\Http\\Kernel.php(145): Illuminate\\Foundation\\Http\\Kernel->sendRequestThroughRouter(Object(Illuminate\\Http\\Request))
#9 D:\\WebServers\\OSPanel\\home\\etxt.loc\\www\\experiments\\tests\\1\\todo-api\\vendor\\laravel\\framework\\src\\Illuminate\\Foundation\\Application.php(1207): Illuminate\\Foundation\\Http\\Kernel->handle(Object(Illuminate\\Http\\Request))
#10 D:\\WebServers\\OSPanel\\home\\etxt.loc\\www\\experiments\\tests\\1\\todo-api\\public\\index.php(17): Illuminate\\Foundation\\Application->handle(Object(Illuminate\\Http\\Request))
#11 {main}
"} 
